This file contains any messages produced by compilers while
running configure, to aid debugging if configure makes a mistake.

It was created by tor configure 0.2.6.6, which was
generated by GNU Autoconf 2.69.  Invocation command line was

  $ ./configure 

## --------- ##
## Platform. ##
## --------- ##

hostname = jesse-laptop
uname -m = x86_64
uname -r = 3.16.0-30-generic
uname -s = Linux
uname -v = #40~14.04.1-Ubuntu SMP Thu Jan 15 17:43:14 UTC 2015

/usr/bin/uname -p = unknown
/bin/uname -X     = unknown

/bin/arch              = unknown
/usr/bin/arch -k       = unknown
/usr/convex/getsysinfo = unknown
/usr/bin/hostinfo      = unknown
/bin/machine           = unknown
/usr/bin/oslevel       = unknown
/bin/universe          = unknown

PATH: /usr/local/sbin
PATH: /usr/local/bin
PATH: /usr/sbin
PATH: /usr/bin
PATH: /sbin
PATH: /bin
PATH: /usr/games
PATH: /usr/local/games


## ----------- ##
## Core tests. ##
## ----------- ##

configure:2722: checking for a BSD-compatible install
configure:2790: result: /usr/bin/install -c
configure:2801: checking whether build environment is sane
configure:2856: result: yes
configure:3007: checking for a thread-safe mkdir -p
configure:3046: result: /bin/mkdir -p
configure:3053: checking for gawk
configure:3069: found /usr/bin/gawk
configure:3080: result: gawk
configure:3091: checking whether make sets $(MAKE)
configure:3113: result: yes
configure:3142: checking whether make supports nested variables
configure:3159: result: yes
configure:3295: checking whether make supports nested variables
configure:3312: result: yes
configure:3330: checking build system type
configure:3344: result: x86_64-unknown-linux-gnu
configure:3364: checking host system type
configure:3377: result: x86_64-unknown-linux-gnu
configure:3452: checking for pkg-config
configure:3470: found /usr/bin/pkg-config
configure:3482: result: /usr/bin/pkg-config
configure:3507: checking pkg-config is at least version 0.9.0
configure:3510: result: yes
configure:3691: checking for SYSTEMD
configure:3698: $PKG_CONFIG --exists --print-errors "libsystemd-daemon"
Package libsystemd-daemon was not found in the pkg-config search path.
Perhaps you should add the directory containing `libsystemd-daemon.pc'
to the PKG_CONFIG_PATH environment variable
No package 'libsystemd-daemon' found
configure:3701: $? = 1
configure:3715: $PKG_CONFIG --exists --print-errors "libsystemd-daemon"
Package libsystemd-daemon was not found in the pkg-config search path.
Perhaps you should add the directory containing `libsystemd-daemon.pc'
to the PKG_CONFIG_PATH environment variable
No package 'libsystemd-daemon' found
configure:3718: $? = 1
configure:3732: result: no
No package 'libsystemd-daemon' found
configure:3761: Okay, checking for systemd a different way...
configure:3765: checking for SYSTEMD
configure:3772: $PKG_CONFIG --exists --print-errors "libsystemd"
Package libsystemd was not found in the pkg-config search path.
Perhaps you should add the directory containing `libsystemd.pc'
to the PKG_CONFIG_PATH environment variable
No package 'libsystemd' found
configure:3775: $? = 1
configure:3789: $PKG_CONFIG --exists --print-errors "libsystemd"
Package libsystemd was not found in the pkg-config search path.
Perhaps you should add the directory containing `libsystemd.pc'
to the PKG_CONFIG_PATH environment variable
No package 'libsystemd' found
configure:3792: $? = 1
configure:3806: result: no
No package 'libsystemd' found
configure:4071: checking for ar
configure:4087: found /usr/bin/ar
configure:4098: result: ar
configure:4177: checking for gcc
configure:4204: result: /usr/bin/clang
configure:4433: checking for C compiler version
configure:4442: /usr/bin/clang --version >&5
Ubuntu clang version 3.4-1ubuntu3 (tags/RELEASE_34/final) (based on LLVM 3.4)
Target: x86_64-pc-linux-gnu
Thread model: posix
configure:4453: $? = 0
configure:4442: /usr/bin/clang -v >&5
Ubuntu clang version 3.4-1ubuntu3 (tags/RELEASE_34/final) (based on LLVM 3.4)
Target: x86_64-pc-linux-gnu
Thread model: posix
Found candidate GCC installation: /usr/bin/../lib/gcc/i686-linux-gnu/4.8
Found candidate GCC installation: /usr/bin/../lib/gcc/i686-linux-gnu/4.8.2
Found candidate GCC installation: /usr/bin/../lib/gcc/i686-linux-gnu/4.9
Found candidate GCC installation: /usr/bin/../lib/gcc/i686-linux-gnu/4.9.1
Found candidate GCC installation: /usr/bin/../lib/gcc/x86_64-linux-gnu/4.8
Found candidate GCC installation: /usr/bin/../lib/gcc/x86_64-linux-gnu/4.8.2
Found candidate GCC installation: /usr/bin/../lib/gcc/x86_64-linux-gnu/4.9
... rest of stderr output deleted ...
configure:4453: $? = 0
configure:4442: /usr/bin/clang -V >&5
clang: error: argument to '-V' is missing (expected 1 value)
clang: error: no input files
configure:4453: $? = 1
configure:4442: /usr/bin/clang -qversion >&5
clang: error: unknown argument: '-qversion'
clang: error: no input files
configure:4453: $? = 1
configure:4473: checking whether the C compiler works
configure:4495: /usr/bin/clang   -I${top_srcdir}/src/common  conftest.c  >&5
configure:4499: $? = 0
configure:4547: result: yes
configure:4550: checking for C compiler default output file name
configure:4552: result: a.out
configure:4558: checking for suffix of executables
configure:4565: /usr/bin/clang -o conftest   -I${top_srcdir}/src/common  conftest.c  >&5
configure:4569: $? = 0
configure:4591: result: 
configure:4613: checking whether we are cross compiling
configure:4621: /usr/bin/clang -o conftest   -I${top_srcdir}/src/common  conftest.c  >&5
configure:4625: $? = 0
configure:4632: ./conftest
configure:4636: $? = 0
configure:4651: result: no
configure:4656: checking for suffix of object files
configure:4678: /usr/bin/clang -c   -I${top_srcdir}/src/common conftest.c >&5
configure:4682: $? = 0
configure:4703: result: o
configure:4707: checking whether we are using the GNU C compiler
configure:4726: /usr/bin/clang -c   -I${top_srcdir}/src/common conftest.c >&5
configure:4726: $? = 0
configure:4735: result: yes
configure:4744: checking whether /usr/bin/clang accepts -g
configure:4764: /usr/bin/clang -c -g  -I${top_srcdir}/src/common conftest.c >&5
configure:4764: $? = 0
configure:4805: result: yes
configure:4822: checking for /usr/bin/clang option to accept ISO C89
configure:4885: /usr/bin/clang  -c -g -O2  -I${top_srcdir}/src/common conftest.c >&5
configure:4885: $? = 0
configure:4898: result: none needed
configure:4923: checking whether /usr/bin/clang understands -c and -o together
configure:4945: /usr/bin/clang -c conftest.c -o conftest2.o
configure:4948: $? = 0
configure:4945: /usr/bin/clang -c conftest.c -o conftest2.o
configure:4948: $? = 0
configure:4960: result: yes
configure:4988: checking for style of include used by make
configure:5016: result: GNU
configure:5042: checking dependency style of /usr/bin/clang
configure:5153: result: gcc3
configure:5173: checking how to run the C preprocessor
configure:5204: /usr/bin/clang -E  -I${top_srcdir}/src/common conftest.c
configure:5204: $? = 0
configure:5218: /usr/bin/clang -E  -I${top_srcdir}/src/common conftest.c
conftest.c:11:10: fatal error: 'ac_nonexistent.h' file not found
#include <ac_nonexistent.h>
         ^
1 error generated.
configure:5218: $? = 1
configure: failed program was:
| /* confdefs.h */
| #define PACKAGE_NAME "tor"
| #define PACKAGE_TARNAME "tor"
| #define PACKAGE_VERSION "0.2.6.6"
| #define PACKAGE_STRING "tor 0.2.6.6"
| #define PACKAGE_BUGREPORT ""
| #define PACKAGE_URL ""
| #define PACKAGE "tor"
| #define VERSION "0.2.6.6"
| /* end confdefs.h.  */
| #include <ac_nonexistent.h>
configure:5243: result: /usr/bin/clang -E
configure:5263: /usr/bin/clang -E  -I${top_srcdir}/src/common conftest.c
configure:5263: $? = 0
configure:5277: /usr/bin/clang -E  -I${top_srcdir}/src/common conftest.c
conftest.c:11:10: fatal error: 'ac_nonexistent.h' file not found
#include <ac_nonexistent.h>
         ^
1 error generated.
configure:5277: $? = 1
configure: failed program was:
| /* confdefs.h */
| #define PACKAGE_NAME "tor"
| #define PACKAGE_TARNAME "tor"
| #define PACKAGE_VERSION "0.2.6.6"
| #define PACKAGE_STRING "tor 0.2.6.6"
| #define PACKAGE_BUGREPORT ""
| #define PACKAGE_URL ""
| #define PACKAGE "tor"
| #define VERSION "0.2.6.6"
| /* end confdefs.h.  */
| #include <ac_nonexistent.h>
configure:5305: checking whether make sets $(MAKE)
configure:5327: result: yes
configure:5379: checking for ranlib
configure:5395: found /usr/bin/ranlib
configure:5406: result: ranlib
configure:5431: checking for sed
configure:5447: found /bin/sed
configure:5459: result: sed
configure:5470: checking for asciidoc
configure:5488: found /usr/bin/asciidoc
configure:5501: result: /usr/bin/asciidoc
configure:5513: checking for a2x
configure:5531: found /usr/bin/a2x
configure:5543: result: /usr/bin/a2x
configure:5590: checking for /usr/bin/clang option to accept ISO C99
configure:5739: /usr/bin/clang  -c -g -O2  -I${top_srcdir}/src/common conftest.c >&5
configure:5739: $? = 0
configure:5752: result: none needed
configure:5773: checking for python
configure:5789: found /usr/bin/python
configure:5800: result: python
configure:5827: checking for flexible array members
configure:5850: /usr/bin/clang -c -g -O2  -I${top_srcdir}/src/common conftest.c >&5
configure:5850: $? = 0
configure:5857: result: yes
configure:5870: checking for working C99 mid-block declaration syntax
configure:5886: /usr/bin/clang -c -g -O2  -I${top_srcdir}/src/common conftest.c >&5
configure:5886: $? = 0
configure:5893: result: yes
configure:5899: checking for working C99 designated initializers
configure:5915: /usr/bin/clang -c -g -O2  -I${top_srcdir}/src/common conftest.c >&5
configure:5915: $? = 0
configure:5922: result: yes
configure:5931: checking for sha1sum
configure:5949: found /usr/bin/sha1sum
configure:5962: result: /usr/bin/sha1sum
configure:5972: checking for openssl
configure:5990: found /usr/bin/openssl
configure:6003: result: /usr/bin/openssl
configure:6037: checking for win32
configure:6059: /usr/bin/clang -o conftest -g -O2  -I${top_srcdir}/src/common  conftest.c  >&5
configure:6059: $? = 0
configure:6059: ./conftest
configure:6059: $? = 2
configure: program exited with status 2
configure: failed program was:
| /* confdefs.h */
| #define PACKAGE_NAME "tor"
| #define PACKAGE_TARNAME "tor"
| #define PACKAGE_VERSION "0.2.6.6"
| #define PACKAGE_STRING "tor 0.2.6.6"
| #define PACKAGE_BUGREPORT ""
| #define PACKAGE_URL ""
| #define PACKAGE "tor"
| #define VERSION "0.2.6.6"
| #define FLEXIBLE_ARRAY_MEMBER /**/
| /* end confdefs.h.  */
| 
| int main(int c, char **v) {
| #ifdef _WIN32
| #if _WIN32
|   return 0;
| #else
|   return 1;
| #endif
| #else
|   return 2;
| #endif
| }
configure:6063: result: no
configure:6104: checking for MIPSpro compiler
configure:6122: /usr/bin/clang -c -g -O2  -I${top_srcdir}/src/common conftest.c >&5
configure:6122: $? = 0
configure:6123: result: no
configure:6136: checking for grep that handles long lines and -e
configure:6194: result: /bin/grep
configure:6199: checking for egrep
configure:6261: result: /bin/grep -E
configure:6266: checking for ANSI C header files
configure:6286: /usr/bin/clang -c -g -O2  -I${top_srcdir}/src/common conftest.c >&5
configure:6286: $? = 0
configure:6359: /usr/bin/clang -o conftest -g -O2  -I${top_srcdir}/src/common  conftest.c  >&5
configure:6359: $? = 0
configure:6359: ./conftest
configure:6359: $? = 0
configure:6370: result: yes
configure:6383: checking for sys/types.h

## ---------------- ##
## Cache variables. ##
## ---------------- ##

ac_cv_build=x86_64-unknown-linux-gnu
ac_cv_c_compiler_gnu=yes
ac_cv_c_flexmember=yes
ac_cv_env_CC_set=set
ac_cv_env_CC_value=/usr/bin/clang
ac_cv_env_CFLAGS_set=
ac_cv_env_CFLAGS_value=
ac_cv_env_CPPFLAGS_set=
ac_cv_env_CPPFLAGS_value=
ac_cv_env_CPP_set=
ac_cv_env_CPP_value=
ac_cv_env_LDFLAGS_set=
ac_cv_env_LDFLAGS_value=
ac_cv_env_LIBS_set=
ac_cv_env_LIBS_value=
ac_cv_env_PKG_CONFIG_LIBDIR_set=
ac_cv_env_PKG_CONFIG_LIBDIR_value=
ac_cv_env_PKG_CONFIG_PATH_set=
ac_cv_env_PKG_CONFIG_PATH_value=
ac_cv_env_PKG_CONFIG_set=
ac_cv_env_PKG_CONFIG_value=
ac_cv_env_PYTHON_set=
ac_cv_env_PYTHON_value=
ac_cv_env_SYSTEMD209_CFLAGS_set=
ac_cv_env_SYSTEMD209_CFLAGS_value=
ac_cv_env_SYSTEMD209_LIBS_set=
ac_cv_env_SYSTEMD209_LIBS_value=
ac_cv_env_SYSTEMD_CFLAGS_set=
ac_cv_env_SYSTEMD_CFLAGS_value=
ac_cv_env_SYSTEMD_LIBS_set=
ac_cv_env_SYSTEMD_LIBS_value=
ac_cv_env_build_alias_set=
ac_cv_env_build_alias_value=
ac_cv_env_host_alias_set=
ac_cv_env_host_alias_value=
ac_cv_env_target_alias_set=
ac_cv_env_target_alias_value=
ac_cv_header_stdc=yes
ac_cv_host=x86_64-unknown-linux-gnu
ac_cv_objext=o
ac_cv_path_A2X=/usr/bin/a2x
ac_cv_path_ASCIIDOC=/usr/bin/asciidoc
ac_cv_path_EGREP='/bin/grep -E'
ac_cv_path_GREP=/bin/grep
ac_cv_path_OPENSSL=/usr/bin/openssl
ac_cv_path_SHA1SUM=/usr/bin/sha1sum
ac_cv_path_ac_pt_PKG_CONFIG=/usr/bin/pkg-config
ac_cv_path_install='/usr/bin/install -c'
ac_cv_path_mkdir=/bin/mkdir
ac_cv_prog_AWK=gawk
ac_cv_prog_CPP='/usr/bin/clang -E'
ac_cv_prog_PYTHON=python
ac_cv_prog_SED=sed
ac_cv_prog_ac_ct_AR=ar
ac_cv_prog_ac_ct_CC=/usr/bin/clang
ac_cv_prog_ac_ct_RANLIB=ranlib
ac_cv_prog_cc_c89=
ac_cv_prog_cc_c99=
ac_cv_prog_cc_g=yes
ac_cv_prog_make_make_set=yes
am_cv_CC_dependencies_compiler_type=gcc3
am_cv_make_support_nested_variables=yes
am_cv_prog_cc_c_o=yes
tor_cv_c_c99_decl=yes
tor_cv_c_c99_designated_init=yes

## ----------------- ##
## Output variables. ##
## ----------------- ##

A2X='/usr/bin/a2x'
ACLOCAL='${SHELL} /home/jesse/Documents/Git_Projects/OnioNS/tor-client-src/missing aclocal-1.14'
AMDEPBACKSLASH='\'
AMDEP_FALSE='#'
AMDEP_TRUE=''
AMTAR='$${TAR-tar}'
AM_BACKSLASH='\'
AM_DEFAULT_V='$(AM_DEFAULT_VERBOSITY)'
AM_DEFAULT_VERBOSITY='0'
AM_V='$(V)'
AR='ar'
ASCIIDOC='/usr/bin/asciidoc'
AUTOCONF='${SHELL} /home/jesse/Documents/Git_Projects/OnioNS/tor-client-src/missing autoconf'
AUTOHEADER='${SHELL} /home/jesse/Documents/Git_Projects/OnioNS/tor-client-src/missing autoheader'
AUTOMAKE='${SHELL} /home/jesse/Documents/Git_Projects/OnioNS/tor-client-src/missing automake-1.14'
AWK='gawk'
BINDIR=''
BUILDDIR=''
BUILD_CURVE25519_DONNA_C64_FALSE=''
BUILD_CURVE25519_DONNA_C64_TRUE=''
BUILD_CURVE25519_DONNA_FALSE=''
BUILD_CURVE25519_DONNA_TRUE=''
BUILD_NT_SERVICES_FALSE=''
BUILD_NT_SERVICES_TRUE='#'
CC='/usr/bin/clang'
CCDEPMODE='depmode=gcc3'
CFLAGS='-g -O2'
CONFDIR=''
COVERAGE_ENABLED_FALSE=''
COVERAGE_ENABLED_TRUE='#'
CPP='/usr/bin/clang -E'
CPPFLAGS=' -I${top_srcdir}/src/common'
CURVE25519_LIBS=''
CYGPATH_W='echo'
DEFS=''
DEPDIR='.deps'
ECHO_C=''
ECHO_N='-n'
ECHO_T=''
EGREP='/bin/grep -E'
EXEEXT=''
F_OMIT_FRAME_POINTER=''
GREP='/bin/grep'
INSTALL_DATA='${INSTALL} -m 644'
INSTALL_PROGRAM='${INSTALL}'
INSTALL_SCRIPT='${INSTALL}'
INSTALL_STRIP_PROGRAM='$(install_sh) -c -s'
LDFLAGS=''
LIBOBJS=''
LIBS=''
LOCALSTATEDIR=''
LOGFACILITY=''
LTLIBOBJS=''
MAKEINFO='${SHELL} /home/jesse/Documents/Git_Projects/OnioNS/tor-client-src/missing makeinfo'
MINIUPNPC_FALSE=''
MINIUPNPC_TRUE='#'
MKDIR_P='/bin/mkdir -p'
NAT_PMP_FALSE=''
NAT_PMP_TRUE='#'
OBJEXT='o'
OPENSSL='/usr/bin/openssl'
PACKAGE='tor'
PACKAGE_BUGREPORT=''
PACKAGE_NAME='tor'
PACKAGE_STRING='tor 0.2.6.6'
PACKAGE_TARNAME='tor'
PACKAGE_URL=''
PACKAGE_VERSION='0.2.6.6'
PATH_SEPARATOR=':'
PKG_CONFIG='/usr/bin/pkg-config'
PKG_CONFIG_LIBDIR=''
PKG_CONFIG_PATH=''
PYTHON='python'
RANLIB='ranlib'
SED='sed'
SET_MAKE=''
SHA1SUM='/usr/bin/sha1sum'
SHELL='/bin/bash'
STRIP=''
SYSTEMD209_CFLAGS=''
SYSTEMD209_LIBS=''
SYSTEMD_CFLAGS=''
SYSTEMD_LIBS=''
THREADS_PTHREADS_FALSE=''
THREADS_PTHREADS_TRUE=''
THREADS_WIN32_FALSE=''
THREADS_WIN32_TRUE=''
TORGROUP='_tor'
TORUSER='_tor'
TOR_CPPFLAGS_libevent=''
TOR_CPPFLAGS_libminiupnpc=''
TOR_CPPFLAGS_libnatpmp=''
TOR_CPPFLAGS_openssl=''
TOR_CPPFLAGS_zlib=''
TOR_LDFLAGS_libevent=''
TOR_LDFLAGS_libminiupnpc=''
TOR_LDFLAGS_libnatpmp=''
TOR_LDFLAGS_openssl=''
TOR_LDFLAGS_zlib=''
TOR_LIBEVENT_LIBS=''
TOR_LIB_GDI=''
TOR_LIB_IPHLPAPI=''
TOR_LIB_MATH=''
TOR_LIB_WS32=''
TOR_OPENSSL_LIBS=''
TOR_SYSTEMD_CFLAGS=''
TOR_SYSTEMD_LIBS=''
TOR_ZLIB_LIBS=''
UNITTESTS_ENABLED_FALSE='#'
UNITTESTS_ENABLED_TRUE=''
USEPYTHON_FALSE='#'
USEPYTHON_TRUE=''
USE_ASCIIDOC_FALSE='#'
USE_ASCIIDOC_TRUE=''
USE_BUFFEREVENTS_FALSE=''
USE_BUFFEREVENTS_TRUE=''
USE_EXTERNAL_EVDNS_FALSE=''
USE_EXTERNAL_EVDNS_TRUE=''
USE_FW_HELPER_FALSE=''
USE_FW_HELPER_TRUE='#'
USE_OPENBSD_MALLOC_FALSE=''
USE_OPENBSD_MALLOC_TRUE='#'
VERSION='0.2.6.6'
ac_ct_CC='/usr/bin/clang'
am__EXEEXT_FALSE=''
am__EXEEXT_TRUE=''
am__fastdepCC_FALSE='#'
am__fastdepCC_TRUE=''
am__include='include'
am__isrc=''
am__leading_dot='.'
am__nodep='_no'
am__quote=''
am__tar='$${TAR-tar} chof - "$$tardir"'
am__untar='$${TAR-tar} xf -'
bindir='${exec_prefix}/bin'
build='x86_64-unknown-linux-gnu'
build_alias=''
build_cpu='x86_64'
build_os='linux-gnu'
build_vendor='unknown'
datadir='${datarootdir}'
datarootdir='${prefix}/share'
docdir='${datarootdir}/doc/${PACKAGE_TARNAME}'
dvidir='${docdir}'
exec_prefix='NONE'
host='x86_64-unknown-linux-gnu'
host_alias=''
host_cpu='x86_64'
host_os='linux-gnu'
host_vendor='unknown'
htmldir='${docdir}'
includedir='${prefix}/include'
infodir='${datarootdir}/info'
install_sh='${SHELL} /home/jesse/Documents/Git_Projects/OnioNS/tor-client-src/install-sh'
libdir='${exec_prefix}/lib'
libexecdir='${exec_prefix}/libexec'
localedir='${datarootdir}/locale'
localstatedir='${prefix}/var'
mandir='${datarootdir}/man'
mkdir_p='$(MKDIR_P)'
oldincludedir='/usr/include'
pdfdir='${docdir}'
prefix='NONE'
program_transform_name='s,x,x,'
psdir='${docdir}'
sbindir='${exec_prefix}/sbin'
sharedstatedir='${prefix}/com'
sysconfdir='${prefix}/etc'
target_alias=''

## ----------- ##
## confdefs.h. ##
## ----------- ##

/* confdefs.h */
#define PACKAGE_NAME "tor"
#define PACKAGE_TARNAME "tor"
#define PACKAGE_VERSION "0.2.6.6"
#define PACKAGE_STRING "tor 0.2.6.6"
#define PACKAGE_BUGREPORT ""
#define PACKAGE_URL ""
#define PACKAGE "tor"
#define VERSION "0.2.6.6"
#define FLEXIBLE_ARRAY_MEMBER /**/
#define STDC_HEADERS 1

configure: caught signal 2
configure: exit 1
